


ARM Macro Assembler    Page 1 


    1 00000000         ; Print.s
    2 00000000         ; Student names: Sid Singh & Josh Kall
    3 00000000         ; Last modification date: 5/2/18
    4 00000000         ; Runs on LM4F120 or TM4C123
    5 00000000         ; EE319K lab 7 device driver for any LCD
    6 00000000         ;
    7 00000000         ; As part of Lab 7, students need to implement these LCD
                       _OutDec and LCD_OutFix
    8 00000000         ; This driver assumes two low-level LCD functions
    9 00000000         ; ST7735_OutChar   outputs a single 8-bit ASCII characte
                       r
   10 00000000         ; ST7735_OutString outputs a null-terminated string 
   11 00000000         
   12 00000000                 IMPORT           ST7735_OutChar
   13 00000000                 IMPORT           ST7735_OutString
   14 00000000                 EXPORT           LCD_OutDec
   15 00000000                 EXPORT           LCD_OutFix
   16 00000000         
   17 00000000                 AREA             |.text|, CODE, READONLY, ALIGN=
2
   18 00000000                 THUMB
   19 00000000                 PRESERVE8
   20 00000000         
   21 00000000         
   22 00000000         
   23 00000000         ;-----------------------LCD_OutDec----------------------
                       -
   24 00000000         ; Output a 32-bit number in unsigned decimal format
   25 00000000         ; Input: R0 (call by value) 32-bit unsigned number
   26 00000000         ; Output: none
   27 00000000         ; Invariables: This function must not permanently modify
                        registers R4 to R11
   28 00000000 00000000 
                       cnt     EQU              0           ;binding
   29 00000000        B 
                       fp      RN               11
   30 00000000         
   31 00000000         LCD_OutDec
   32 00000000 E92D 48F0       PUSH             {R4-R7, R11, LR}
   33 00000004 B081            SUB              SP, #4      ;allocation
   34 00000006 46EB            MOV              fp, SP
   35 00000008 F5AB 7BC8       SUB              fp, #400    ;make room for bran
                                                            ch to other subrout
                                                            ines
   36 0000000C F04F 0400       MOV              R4, #0
   37 00000010 F88D 4000       STRB             R4, [SP, #cnt] ;access
   38 00000014 F04F 040A       MOV              R4, #10
   39 00000018 F04F 050A       MOV              R5, #10
   40 0000001C         
   41 0000001C         remainder
   42 0000001C FBB0 F1F4       UDIV             R1, R0, R4
   43 00000020 FB01 F204       MUL              R2, R1, R4  ;separate the digit
                                                            s by finding remain
                                                            der
   44 00000024 EBA0 0202       SUB              R2, R0, R2
   45 00000028 F1AB 0B04       SUB              fp, #4
   46 0000002C F88B 2000       STRB             R2, [fp]    ;store least signif
                                                            icant digit on stac
                                                            k



ARM Macro Assembler    Page 2 


   47 00000030 F89D 6000       LDRB             R6, [SP, #cnt]
   48 00000034 F106 0601       ADD              R6, #1      ;access
   49 00000038 F88D 6000       STRB             R6, [SP, #cnt]
   50 0000003C 4608            MOV              R0, R1
   51 0000003E         ;MUL  R4, R4, R5
   52 0000003E 2800            CMP              R0, #0
   53 00000040 D1EC            BNE              remainder
   54 00000042         
   55 00000042         readStack
   56 00000042 F89B 0000       LDRB             R0, [fp]    ;read next most sig
                                                            nificant digit from
                                                             stack
   57 00000046 F10B 0B04       ADD              fp, #4
   58 0000004A F100 0030       ADD              R0, #0x30   ;convert to ascii f
                                                            orm
   59 0000004E F7FF FFFE       BL               ST7735_OutChar
   60 00000052 F89D 6000       LDRB             R6, [SP, #cnt]
   61 00000056 F1A6 0601       SUB              R6, #1      ;access
   62 0000005A F88D 6000       STRB             R6, [SP, #cnt]
   63 0000005E 2E00            CMP              R6, #0
   64 00000060 D000            BEQ              ret
   65 00000062 E7EE            B                readStack
   66 00000064         
   67 00000064         ret
   68 00000064 B001            ADD              SP, #4      ;deallocation
   69 00000066 E8BD 48F0       POP              {R4-R7, R11, LR}
   70 0000006A 4770            BX               LR
   71 0000006C         ;* * * * * * * * End of LCD_OutDec * * * * * * * *
   72 0000006C         
   73 0000006C         ; -----------------------LCD _OutFix--------------------
                       --
   74 0000006C         ; Output characters to LCD display in fixed-point format
                       
   75 0000006C         ; unsigned decimal, resolution 0.001, range 0.000 to 9.9
                       99
   76 0000006C         ; Inputs:  R0 is an unsigned 32-bit number
   77 0000006C         ; Outputs: none
   78 0000006C         ; E.g., R0=0,    then output "0.000 "
   79 0000006C         ;       R0=3,    then output "0.003 "
   80 0000006C         ;       R0=89,   then output "0.089 "
   81 0000006C         ;       R0=123,  then output "0.123 "
   82 0000006C         ;       R0=9999, then output "9.999 "
   83 0000006C         ;       R0>9999, then output "*.*** "
   84 0000006C         ; Invariables: This function must not permanently modify
                        registers R4 to R11
   85 0000006C         LCD_OutFix
   86 0000006C E92D 41F0       PUSH             {R4-R8, LR}
   87 00000070 B081            SUB              SP, #4      ;allocation
   88 00000072 F242 740F       MOV              R4, #9999
   89 00000076 42A0            CMP              R0, R4      ; check if number i
                                                            s 10,000 or greater
                                                            
   90 00000078 D832            BHI              stars
   91 0000007A 46EB            MOV              fp, SP      ; move stackpointer
                                                             into FP
   92 0000007C F04F 040A       MOV              R4, #10
   93 00000080 F88D 4000       STRB             R4, [SP, #cnt] ;store 10 onto s
                                                            tack
   94 00000084 F89D 5000       LDRB             R5, [SP, #cnt] ;load number int



ARM Macro Assembler    Page 3 


                                                            o R4 using fp
   95 00000088         
   96 00000088         remainderloop                        ; find the remainde
                                                            r 
   97 00000088 F1A4 0401       SUB              R4, #1
   98 0000008C FBB0 F6F5       UDIV             R6, R0, R5  ;divide by 10
   99 00000090 FB06 F705       MUL              R7, R6, R5
  100 00000094 EBA0 0707       SUB              R7, R0, R7  ;find remainder
  101 00000098 F80D 7C04       STRB             R7, [SP, #-4] ;store remainder 
                                                            one address higher
  102 0000009C B081            SUB              SP, #4      ;move stackpointer 
                                                            to where remainder 
                                                            is
  103 0000009E 4630            MOV              R0, R6      ;R0 has rest of the
                                                             number
  104 000000A0 2C00            CMP              R4, #0
  105 000000A2 D1F1            BNE              remainderloop ;loop to run 10 t
                                                            imes
  106 000000A4         
  107 000000A4         fdigit                               ; scan first digit
  108 000000A4 F89D 0000       LDRB             R0, [SP]
  109 000000A8 F89D 6010       LDRB             R6, [SP, #4*4]
  110 000000AC 2E0A            CMP              R6, #10     ;look for 0 in the 
                                                            first digit place
  111 000000AE D00D            BEQ              print0
  112 000000B0 B001            ADD              SP, #4
  113 000000B2 2800            CMP              R0, #0
  114 000000B4 D0F6            BEQ              fdigit
  115 000000B6 B081            SUB              SP, #4
  116 000000B8         
  117 000000B8         ploopfix
  118 000000B8 F89D 0000       LDRB             R0, [SP]
  119 000000BC 280A            CMP              R0, #10     ;check for end of n
                                                            umber
  120 000000BE D023            BEQ              retfix
  121 000000C0         
  122 000000C0         printfix
  123 000000C0 F100 0030       ADD              R0, #0x30   ;convert to ASCII
  124 000000C4 F7FF FFFE       BL               ST7735_OutChar ;print number
  125 000000C8 B001            ADD              SP, #4
  126 000000CA E7F5            B                ploopfix
  127 000000CC         
  128 000000CC         print0
  129 000000CC F100 0030       ADD              R0, #0x30
  130 000000D0 F7FF FFFE       BL               ST7735_OutChar ;print 0
  131 000000D4 F04F 002E       MOV              R0, #0x2E
  132 000000D8 F7FF FFFE       BL               ST7735_OutChar ;print .
  133 000000DC B001            ADD              SP, #4
  134 000000DE E7EB            B                ploopfix
  135 000000E0         
  136 000000E0         stars                                ;prints *.***
  137 000000E0 F04F 002A       MOV              R0,#0x2A    ;*
  138 000000E4 F7FF FFFE       BL               ST7735_OutChar
  139 000000E8 F04F 002E       MOV              R0,#0x2E    ;.
  140 000000EC F7FF FFFE       BL               ST7735_OutChar
  141 000000F0 F04F 002A       MOV              R0,#0x2A
  142 000000F4 F7FF FFFE       BL               ST7735_OutChar
  143 000000F8 F04F 002A       MOV              R0,#0x2A
  144 000000FC F7FF FFFE       BL               ST7735_OutChar



ARM Macro Assembler    Page 4 


  145 00000100 F04F 002A       MOV              R0,#0x2A
  146 00000104 F7FF FFFE       BL               ST7735_OutChar
  147 00000108         
  148 00000108         retfix
  149 00000108 B001            ADD              SP, #4      ;deallocate
  150 0000010A E8BD 41F0       POP              {R4-R8, LR} ; AAPCS
  151 0000010E 4770            BX               LR
  152 00000110         
  153 00000110                 ALIGN
  154 00000110         ;* * * * * * * * End of LCD_OutFix * * * * * * * *
  155 00000110         
  156 00000110                 ALIGN                        ; make sure the end
                                                             of this section is
                                                             aligned
  157 00000110                 END                          ; end of file
Command Line: --debug --xref --cpu=Cortex-M4 --apcs=interwork --depend=.\print.
d -o.\print.o -IC:\Keil\ARM\RV31\INC -IC:\Keil\ARM\CMSIS\Include -IC:\Keil\ARM\
Inc\Luminary --list=.\print.lst Print.s



ARM Macro Assembler    Page 1 Alphabetic symbol ordering
Relocatable symbols

.text 00000000

Symbol: .text
   Definitions
      At line 17 in file Print.s
   Uses
      None
Comment: .text unused
LCD_OutDec 00000000

Symbol: LCD_OutDec
   Definitions
      At line 31 in file Print.s
   Uses
      At line 14 in file Print.s
Comment: LCD_OutDec used once
LCD_OutFix 0000006C

Symbol: LCD_OutFix
   Definitions
      At line 85 in file Print.s
   Uses
      At line 15 in file Print.s
Comment: LCD_OutFix used once
fdigit 000000A4

Symbol: fdigit
   Definitions
      At line 107 in file Print.s
   Uses
      At line 114 in file Print.s
Comment: fdigit used once
ploopfix 000000B8

Symbol: ploopfix
   Definitions
      At line 117 in file Print.s
   Uses
      At line 126 in file Print.s
      At line 134 in file Print.s

print0 000000CC

Symbol: print0
   Definitions
      At line 128 in file Print.s
   Uses
      At line 111 in file Print.s
Comment: print0 used once
printfix 000000C0

Symbol: printfix
   Definitions
      At line 122 in file Print.s
   Uses
      None
Comment: printfix unused
readStack 00000042




ARM Macro Assembler    Page 2 Alphabetic symbol ordering
Relocatable symbols

Symbol: readStack
   Definitions
      At line 55 in file Print.s
   Uses
      At line 65 in file Print.s
Comment: readStack used once
remainder 0000001C

Symbol: remainder
   Definitions
      At line 41 in file Print.s
   Uses
      At line 53 in file Print.s
Comment: remainder used once
remainderloop 00000088

Symbol: remainderloop
   Definitions
      At line 96 in file Print.s
   Uses
      At line 105 in file Print.s
Comment: remainderloop used once
ret 00000064

Symbol: ret
   Definitions
      At line 67 in file Print.s
   Uses
      At line 64 in file Print.s
Comment: ret used once
retfix 00000108

Symbol: retfix
   Definitions
      At line 148 in file Print.s
   Uses
      At line 120 in file Print.s
Comment: retfix used once
stars 000000E0

Symbol: stars
   Definitions
      At line 136 in file Print.s
   Uses
      At line 90 in file Print.s
Comment: stars used once
13 symbols



ARM Macro Assembler    Page 1 Alphabetic symbol ordering
Absolute symbols

cnt 00000000

Symbol: cnt
   Definitions
      At line 28 in file Print.s
   Uses
      At line 37 in file Print.s
      At line 47 in file Print.s
      At line 49 in file Print.s
      At line 60 in file Print.s
      At line 62 in file Print.s
      At line 93 in file Print.s
      At line 94 in file Print.s

1 symbol



ARM Macro Assembler    Page 1 Alphabetic symbol ordering
External symbols

ST7735_OutChar 00000000

Symbol: ST7735_OutChar
   Definitions
      At line 12 in file Print.s
   Uses
      At line 59 in file Print.s
      At line 124 in file Print.s
      At line 130 in file Print.s
      At line 132 in file Print.s
      At line 138 in file Print.s
      At line 140 in file Print.s
      At line 142 in file Print.s
      At line 144 in file Print.s
      At line 146 in file Print.s

ST7735_OutString 00000000

Symbol: ST7735_OutString
   Definitions
      At line 13 in file Print.s
   Uses
      None
Comment: ST7735_OutString unused
2 symbols
346 symbols in table
